{
  "uid" : "6d37b63e366274b2",
  "name" : "Verify the Transformative Culture tab content",
  "fullName" : "Verify the Welcomepage content - test suite.Verify the Transformative Culture tab content",
  "historyId" : "c8bba5b6b09d644d3a44b9574ddaea17",
  "time" : {
    "start" : 1632723192748,
    "stop" : 1632723195264,
    "duration" : 2516
  },
  "description" : "",
  "descriptionHtml" : "",
  "status" : "failed",
  "statusMessage" : "expected 'We are One Sutherland.' to include '====We are One Sutherland.'      \n                      actual expected\n                      \n                      'We are One Sutherland.'undefined\n                      ",
  "statusTrace" : "AssertionError: expected 'We are One Sutherland.' to include '====We are One Sutherland.'\n                    at Context.<anonymous> (E:\\webdriverio-fw\\lib\\test\\welcome.spec.js:56:90)\n                    at Context.executeSync (E:\\webdriverio-fw\\node_modules\\@wdio\\sync\\build\\index.js:38:22)\n                    at E:\\webdriverio-fw\\node_modules\\@wdio\\sync\\build\\index.js:69:68",
  "flaky" : false,
  "newFailed" : false,
  "beforeStages" : [ ],
  "testStage" : {
    "status" : "failed",
    "statusMessage" : "expected 'We are One Sutherland.' to include '====We are One Sutherland.'      \n                      actual expected\n                      \n                      'We are One Sutherland.'undefined\n                      ",
    "statusTrace" : "AssertionError: expected 'We are One Sutherland.' to include '====We are One Sutherland.'\n                    at Context.<anonymous> (E:\\webdriverio-fw\\lib\\test\\welcome.spec.js:56:90)\n                    at Context.executeSync (E:\\webdriverio-fw\\node_modules\\@wdio\\sync\\build\\index.js:38:22)\n                    at E:\\webdriverio-fw\\node_modules\\@wdio\\sync\\build\\index.js:69:68",
    "steps" : [ {
      "name" : "Performed click operation on Transformative Culture",
      "time" : {
        "start" : 1632723193513,
        "stop" : 1632723193513,
        "duration" : 0
      },
      "status" : "passed",
      "steps" : [ ],
      "attachments" : [ ],
      "parameters" : [ ],
      "shouldDisplayMessage" : false,
      "attachmentsCount" : 0,
      "stepsCount" : 0,
      "hasContent" : false
    }, {
      "name" : "inner text of the DOM-element is : We are One Sutherland.",
      "time" : {
        "start" : 1632723193864,
        "stop" : 1632723193864,
        "duration" : 0
      },
      "status" : "passed",
      "steps" : [ ],
      "attachments" : [ ],
      "parameters" : [ ],
      "shouldDisplayMessage" : false,
      "attachmentsCount" : 0,
      "stepsCount" : 0,
      "hasContent" : false
    } ],
    "attachments" : [ {
      "uid" : "c2efd71831c1f8a2",
      "name" : "Screenshot",
      "source" : "c2efd71831c1f8a2.png",
      "type" : "image/png",
      "size" : 1463331
    } ],
    "parameters" : [ ],
    "shouldDisplayMessage" : true,
    "attachmentsCount" : 1,
    "stepsCount" : 2,
    "hasContent" : true
  },
  "afterStages" : [ ],
  "labels" : [ {
    "name" : "framework",
    "value" : "wdio"
  }, {
    "name" : "language",
    "value" : "javascript"
  }, {
    "name" : "thread",
    "value" : "0-0"
  }, {
    "name" : "suite",
    "value" : "Verify the Welcomepage content - test suite"
  }, {
    "name" : "testClass",
    "value" : "Verify the Welcomepage content - test suite"
  }, {
    "name" : "testMethod",
    "value" : "Verify the Transformative Culture tab content"
  }, {
    "name" : "package",
    "value" : "Verify the Welcomepage content - test suite"
  }, {
    "name" : "resultFormat",
    "value" : "allure1"
  } ],
  "parameters" : [ {
    "name" : "browser",
    "value" : "chrome-93.0.4577.82"
  } ],
  "links" : [ ],
  "hidden" : true,
  "retry" : true,
  "extra" : {
    "categories" : [ ],
    "tags" : [ ]
  },
  "source" : "6d37b63e366274b2.json",
  "parameterValues" : [ "chrome-93.0.4577.82" ]
}